{
  "RSpec": {
    "coverage": {
      "/Users/Kieran/rails_projects/storyblocks/final_app/app/helpers/application_helper.rb": [
        1,
        null,
        1,
        0,
        0,
        0,
        null,
        0,
        null,
        null,
        null
      ],
      "/Users/Kieran/rails_projects/storyblocks/final_app/app/helpers/blocks_helper.rb": [
        1,
        null
      ],
      "/Users/Kieran/rails_projects/storyblocks/final_app/app/helpers/pages_helper.rb": [
        1,
        null
      ],
      "/Users/Kieran/rails_projects/storyblocks/final_app/app/helpers/sessions_helper.rb": [
        1,
        null,
        1,
        0,
        0,
        0,
        0,
        null,
        null,
        1,
        0,
        null,
        null,
        1,
        0,
        null,
        null,
        1,
        0,
        0,
        null,
        null,
        1,
        0,
        null,
        null,
        1,
        0,
        0,
        0,
        null,
        null,
        null,
        1,
        0,
        null,
        0,
        0,
        null,
        null,
        1,
        0,
        0,
        null,
        null,
        1,
        0,
        null,
        null
      ],
      "/Users/Kieran/rails_projects/storyblocks/final_app/app/helpers/story_helper.rb": [
        1,
        null
      ],
      "/Users/Kieran/rails_projects/storyblocks/final_app/app/helpers/users_helper.rb": [
        1,
        null,
        null,
        1,
        0,
        0,
        0,
        null,
        null
      ],
      "/Users/Kieran/rails_projects/storyblocks/final_app/app/controllers/story_controller.rb": [
        1,
        null,
        1,
        0,
        0,
        0,
        null,
        null,
        1,
        0,
        0,
        null,
        null,
        0,
        0,
        0,
        null,
        null,
        0,
        0,
        0,
        null,
        0,
        0,
        0,
        0,
        null,
        0,
        null,
        null,
        null,
        null,
        null,
        1,
        0,
        null,
        null,
        0,
        0,
        0,
        0,
        null,
        0,
        null,
        null,
        null,
        1,
        0,
        0,
        0,
        null,
        0,
        null,
        null,
        null,
        1,
        0,
        0,
        0,
        0,
        null,
        0,
        null,
        null,
        0,
        null,
        null,
        1,
        0,
        null,
        null,
        1,
        0,
        0,
        0,
        null,
        0,
        null,
        null,
        null,
        1,
        0,
        0,
        0,
        0,
        0,
        0,
        null,
        null,
        null,
        1,
        null,
        1,
        0,
        null,
        null
      ],
      "/Users/Kieran/rails_projects/storyblocks/final_app/app/controllers/application_controller.rb": [
        1,
        null,
        null,
        1,
        1,
        null
      ]
    },
    "timestamp": 1398309576
  }
}
