{
  "RSpec": {
    "coverage": {
      "/home/saasbook/CSCI3308FinalProject/final_app/app/helpers/application_helper.rb": [
        1,
        null,
        1,
        86,
        86,
        3,
        null,
        83,
        null,
        null,
        null
      ],
      "/home/saasbook/CSCI3308FinalProject/final_app/app/helpers/blocks_helper.rb": [
        1,
        null
      ],
      "/home/saasbook/CSCI3308FinalProject/final_app/app/helpers/pages_helper.rb": [
        1,
        null
      ],
      "/home/saasbook/CSCI3308FinalProject/final_app/app/helpers/sessions_helper.rb": [
        1,
        null,
        1,
        29,
        29,
        29,
        29,
        null,
        null,
        1,
        105,
        null,
        null,
        1,
        31,
        null,
        null,
        1,
        203,
        203,
        null,
        null,
        1,
        17,
        null,
        null,
        1,
        0,
        0,
        0,
        null,
        null,
        null,
        1,
        2,
        null,
        2,
        2,
        null,
        null,
        1,
        20,
        20,
        null,
        null,
        1,
        4,
        null,
        null
      ],
      "/home/saasbook/CSCI3308FinalProject/final_app/app/helpers/story_helper.rb": [
        1,
        null
      ],
      "/home/saasbook/CSCI3308FinalProject/final_app/app/helpers/users_helper.rb": [
        1,
        null,
        null,
        1,
        31,
        30,
        30,
        null,
        null
      ],
      "/home/saasbook/CSCI3308FinalProject/final_app/app/controllers/blocks_controller.rb": [
        1,
        1,
        null,
        null,
        1,
        0,
        0,
        null,
        null,
        1,
        0,
        0,
        0,
        0,
        null,
        0,
        0,
        0,
        null,
        0,
        null,
        null,
        0,
        null,
        0,
        null,
        0,
        0,
        0,
        0,
        null,
        0,
        null,
        null,
        null,
        1,
        0,
        0,
        0,
        null,
        0,
        null,
        null,
        null,
        1,
        0,
        0,
        0,
        0,
        0,
        0,
        null,
        0,
        null,
        null,
        0,
        null,
        null,
        null,
        1,
        0,
        0,
        0,
        0,
        null,
        0,
        0,
        0,
        0,
        null,
        0,
        null,
        null,
        null,
        1,
        0,
        0,
        0,
        0,
        0,
        0,
        null,
        null,
        0,
        0,
        0,
        0,
        0,
        null,
        null,
        null,
        null,
        1,
        null,
        1,
        0,
        null,
        null
      ],
      "/home/saasbook/CSCI3308FinalProject/final_app/app/controllers/application_controller.rb": [
        1,
        null,
        null,
        1,
        1,
        null
      ],
      "/home/saasbook/CSCI3308FinalProject/final_app/app/controllers/pages_controller.rb": [
        1,
        1,
        null,
        null,
        1,
        null,
        null,
        1,
        null,
        null,
        1,
        null,
        null
      ],
      "/home/saasbook/CSCI3308FinalProject/final_app/app/controllers/story_controller.rb": [
        1,
        null,
        1,
        1,
        1,
        1,
        null,
        null,
        1,
        0,
        0,
        null,
        null,
        0,
        0,
        0,
        null,
        null,
        0,
        0,
        0,
        null,
        0,
        0,
        0,
        0,
        null,
        0,
        null,
        null,
        null,
        null,
        null,
        1,
        0,
        null,
        null,
        0,
        0,
        0,
        0,
        null,
        0,
        null,
        null,
        null,
        1,
        0,
        0,
        0,
        null,
        0,
        null,
        null,
        null,
        1,
        0,
        0,
        0,
        0,
        null,
        0,
        null,
        null,
        0,
        null,
        null,
        1,
        0,
        null,
        null,
        1,
        0,
        0,
        0,
        null,
        0,
        null,
        null,
        null,
        1,
        0,
        0,
        0,
        0,
        0,
        0,
        null,
        null,
        null,
        1,
        null,
        1,
        0,
        null,
        null
      ],
      "/home/saasbook/CSCI3308FinalProject/final_app/app/controllers/users_controller.rb": [
        1,
        1,
        1,
        null,
        1,
        29,
        null,
        null,
        1,
        7,
        null,
        null,
        1,
        5,
        5,
        4,
        4,
        4,
        null,
        1,
        null,
        null,
        null,
        1,
        null,
        null,
        null,
        1,
        null,
        6,
        5,
        5,
        null,
        1,
        null,
        null,
        null,
        1,
        null,
        1,
        11,
        null,
        null,
        null,
        null,
        1,
        20,
        4,
        4,
        null,
        null,
        null,
        1,
        16,
        null,
        16,
        null,
        null
      ],
      "/home/saasbook/CSCI3308FinalProject/final_app/app/models/block.rb": [
        1,
        1,
        1,
        1,
        null
      ],
      "/home/saasbook/CSCI3308FinalProject/final_app/app/models/story.rb": [
        1,
        1,
        3,
        null
      ],
      "/home/saasbook/CSCI3308FinalProject/final_app/app/models/user.rb": [
        1,
        30,
        1,
        null,
        83,
        1,
        1,
        1,
        1,
        null,
        null,
        1,
        1,
        null,
        1,
        77,
        null,
        null,
        1,
        280,
        null,
        null,
        1,
        null,
        1,
        46,
        null,
        null
      ],
      "/home/saasbook/CSCI3308FinalProject/final_app/app/controllers/sessions_controller.rb": [
        1,
        1,
        null,
        null,
        1,
        23,
        23,
        null,
        20,
        20,
        null,
        3,
        3,
        null,
        null,
        null,
        1,
        1,
        1,
        null,
        null
      ]
    },
    "timestamp": 1398632122
  }
}
